<?xml version="1.0" encoding="UTF-8"?>
<testng-results ignored="0" total="1" passed="1" failed="0" skipped="0">
  <reporter-output>
  </reporter-output>
  <suite started-at="2023-01-27T17:56:45 IST" name="Default suite" finished-at="2023-01-27T17:56:45 IST" duration-ms="222">
    <groups>
    </groups>
    <test started-at="2023-01-27T17:56:45 IST" name="Default test" finished-at="2023-01-27T17:56:45 IST" duration-ms="222">
      <class name="deserialization.DeserializationAssinment2">
        <test-method signature="deserializationmethod()[pri:0, instance:deserialization.DeserializationAssinment2@28eaa59a]" started-at="2023-01-27T17:56:45 IST" name="deserializationmethod" finished-at="2023-01-27T17:56:45 IST" duration-ms="192" status="PASS">
          <reporter-output>
          </reporter-output>
        </test-method> <!-- deserializationmethod -->
      </class> <!-- deserialization.DeserializationAssinment2 -->
    </test> <!-- Default test -->
  </suite> <!-- Default suite -->
</testng-results>
